[35m[Appium][39m Welcome to Appium v1.22.3
[35m[Appium][39m Non-default server args:
[35m[Appium][39m   port: 61911
[35m[Appium][39m   tmpDir: C:\Users\NURULH~1\AppData\Local\Temp\\Katalon\Appium\Temp1728723911286
[35m[Appium][39m   chromedriverPort: 61912
[35m[Appium][39m Deprecated server args:
[35m[Appium][39m   [31m--chromedriver-port[39m => --default-capabilities
[35m[Appium][39m Default capabilities, which will be added to each request unless overridden by desired capabilities:
[35m[Appium][39m   chromedriverPort: 61912
[35m[Appium][39m Appium REST http interface listener started on 0.0.0.0:61911
[35m[HTTP][39m [37m-->[39m [37mGET[39m [37m/wd/hub/status[39m
[35m[HTTP][39m [90m{}[39m
[debug] [35m[GENERIC][39m Calling AppiumDriver.getStatus() with args: []
[debug] [35m[GENERIC][39m Responding to client with driver.getStatus() result: {"build":{"version":"1.22.3"}}
[35m[HTTP][39m [37m<-- GET /wd/hub/status [39m[32m200[39m [90m8 ms - 68[39m
[35m[HTTP][39m [90m[39m
[35m[HTTP][39m [37m-->[39m [37mGET[39m [37m/wd/hub/status[39m
[35m[HTTP][39m [90m{}[39m
[debug] [35m[GENERIC][39m Calling AppiumDriver.getStatus() with args: []
[debug] [35m[GENERIC][39m Responding to client with driver.getStatus() result: {"build":{"version":"1.22.3"}}
[35m[HTTP][39m [37m<-- GET /wd/hub/status [39m[32m200[39m [90m2 ms - 68[39m
[35m[HTTP][39m [90m[39m
[35m[HTTP][39m [37m-->[39m [37mPOST[39m [37m/wd/hub/session[39m
[35m[HTTP][39m [90m{"desiredCapabilities":{"app":"C:\\Users\\Nurul Handayani\\Downloads\\app-pendaki.apk","noReset":true,"deviceName":"emulator-5554 (sdk_gphone64_x86_64 - Android 14)","fullReset":false,"platform":"ANDROID","newCommandTimeout":1800,"platformVersion":"14","automationName":"uiautomator2","autoGrantPermissions":true,"platformName":"Android","udid":"emulator-5554","systemPort":61919},"capabilities":{"firstMatch":[{"appium:app":"C:\\Users\\Nurul Handayani\\Downloads\\app-pendaki.apk","appium:autoGrantPermissions":true,"appium:automationName":"uiautomator2","appium:deviceName":"emulator-5554 (sdk_gphone64_x86_64 - Android 14)","appium:fullReset":false,"appium:newCommandTimeout":1800,"appium:noReset":true,"platform":"ANDROID","platformName":"android","appium:platformVersion":"14","appium:systemPort":61919,"appium:udid":"emulator-5554"}]}}[39m
[debug] [35m[W3C][39m Calling AppiumDriver.createSession() with args: [{"app":"C:\\Users\\Nurul Handayani\\Downloads\\app-pendaki.apk","noReset":true,"deviceName":"emulator-5554 (sdk_gphone64_x86_64 - Android 14)","fullReset":false,"platform":"ANDROID","newCommandTimeout":1800,"platformVersion":"14","automationName":"uiautomator2","autoGrantPermissions":true,"platformName":"Android","udid":"emulator-5554","systemPort":61919},null,{"firstMatch":[{"appium:app":"C:\\Users\\Nurul Handayani\\Downloads\\app-pendaki.apk","appium:autoGrantPermissions":true,"appium:automationName":"uiautomator2","appium:deviceName":"emulator-5554 (sdk_gphone64_x86_64 - Android 14)","appium:fullReset":false,"appium:newCommandTimeout":1800,"appium:noReset":true,"platform":"ANDROID","platformName":"android","appium:platformVersion":"14","appium:systemPort":61919,"appium:udid":"emulator-5554"}]}]
[debug] [35m[BaseDriver][39m Event 'newSessionRequested' logged at 1728723913745 (16:05:13 GMT+0700 (Western Indonesia Time))
[35m[BaseDriver][39m The following capabilities are not standard capabilities and should have an extension prefix:
[35m[BaseDriver][39m   platform
[35m[BaseDriver][39m   chromedriverPort
[35m[Appium][39m Appium v1.22.3 creating new AndroidUiautomator2Driver (v1.70.1) session
[debug] [35m[BaseDriver][39m W3C capabilities and MJSONWP desired capabilities were provided
[debug] [35m[BaseDriver][39m Creating session with W3C capabilities: {
[debug] [35m[BaseDriver][39m   "alwaysMatch": {
[debug] [35m[BaseDriver][39m     "appium:platform": "ANDROID",
[debug] [35m[BaseDriver][39m     "platformName": "android",
[debug] [35m[BaseDriver][39m     "appium:chromedriverPort": 61912,
[debug] [35m[BaseDriver][39m     "appium:app": "C:\\Users\\Nurul Handayani\\Downloads\\app-pendaki.apk",
[debug] [35m[BaseDriver][39m     "appium:autoGrantPermissions": true,
[debug] [35m[BaseDriver][39m     "appium:automationName": "uiautomator2",
[debug] [35m[BaseDriver][39m     "appium:deviceName": "emulator-5554 (sdk_gphone64_x86_64 - Android 14)",
[debug] [35m[BaseDriver][39m     "appium:fullReset": false,
[debug] [35m[BaseDriver][39m     "appium:newCommandTimeout": 1800,
[debug] [35m[BaseDriver][39m     "appium:noReset": true,
[debug] [35m[BaseDriver][39m     "appium:platformVersion": "14",
[debug] [35m[BaseDriver][39m     "appium:systemPort": 61919,
[debug] [35m[BaseDriver][39m     "appium:udid": "emulator-5554"
[debug] [35m[BaseDriver][39m   },
[debug] [35m[BaseDriver][39m   "firstMatch": [
[debug] [35m[BaseDriver][39m     {}
[debug] [35m[BaseDriver][39m   ]
[debug] [35m[BaseDriver][39m }
[35m[BaseDriver][39m The following capabilities were provided, but are not recognized by Appium:
[35m[BaseDriver][39m   platform
[35m[BaseDriver][39m Session created with session id: d13b6afd-ca29-4476-9f3e-49bb75b30e66
[35m[BaseDriver][39m Using local app 'C:\Users\Nurul Handayani\Downloads\app-pendaki.apk'
[debug] [35m[UiAutomator2][39m Checking whether app is actually present
[35m[ADB][39m Found 1 'build-tools' folders under 'C:\Users\Nurul Handayani\AppData\Local\Android\Sdk' (newest first):
[35m[ADB][39m     C:/Users/Nurul Handayani/AppData/Local/Android/Sdk/build-tools/34.0.0
[35m[ADB][39m Using 'adb.exe' from 'C:\Users\Nurul Handayani\AppData\Local\Android\Sdk\platform-tools\adb.exe'
[debug] [35m[ADB][39m Running 'C:\Users\Nurul Handayani\AppData\Local\Android\Sdk\platform-tools\adb.exe -P 5037 start-server'
[35m[AndroidDriver][39m Retrieving device list
[debug] [35m[ADB][39m Trying to find a connected android device
[debug] [35m[ADB][39m Getting connected devices
[debug] [35m[ADB][39m Connected devices: [{"udid":"emulator-5554","state":"device"}]
[35m[AndroidDriver][39m Using device: emulator-5554
[35m[ADB][39m Using 'adb.exe' from 'C:\Users\Nurul Handayani\AppData\Local\Android\Sdk\platform-tools\adb.exe'
[debug] [35m[ADB][39m Running 'C:\Users\Nurul Handayani\AppData\Local\Android\Sdk\platform-tools\adb.exe -P 5037 start-server'
[debug] [35m[ADB][39m Setting device id to emulator-5554
[debug] [35m[ADB][39m Running 'C:\Users\Nurul Handayani\AppData\Local\Android\Sdk\platform-tools\adb.exe -P 5037 -s emulator-5554 shell getprop ro.build.version.sdk'
[debug] [35m[ADB][39m Current device property 'ro.build.version.sdk': 34
[35m[ADB][39m Getting device platform version
[debug] [35m[ADB][39m Running 'C:\Users\Nurul Handayani\AppData\Local\Android\Sdk\platform-tools\adb.exe -P 5037 -s emulator-5554 shell getprop ro.build.version.release'
[debug] [35m[ADB][39m Current device property 'ro.build.version.release': 14
[debug] [35m[ADB][39m Device API level: 34
[35m[UiAutomator2][39m Relaxing hidden api policy
[debug] [35m[ADB][39m Running 'C:\Users\Nurul Handayani\AppData\Local\Android\Sdk\platform-tools\adb.exe -P 5037 -s emulator-5554 shell 'settings put global hidden_api_policy_pre_p_apps 1;settings put global hidden_api_policy_p_apps 1;settings put global hidden_api_policy 1''
[debug] [35m[AndroidDriver][39m Parsing package and activity from app manifest
[35m[ADB][39m Package name: 'com.wahidari.pendaki'
[35m[ADB][39m Main activity name: 'com.wahidari.pendaki.MainActivity'
[debug] [35m[AndroidDriver][39m Parsed package and activity are: com.wahidari.pendaki/com.wahidari.pendaki.MainActivity
[debug] [35m[ADB][39m Running 'C:\Users\Nurul Handayani\AppData\Local\Android\Sdk\platform-tools\adb.exe -P 5037 -s emulator-5554 wait-for-device'
[debug] [35m[ADB][39m Running 'C:\Users\Nurul Handayani\AppData\Local\Android\Sdk\platform-tools\adb.exe -P 5037 -s emulator-5554 shell echo ping'
[debug] [35m[AndroidDriver][39m Pushing settings apk to device...
[debug] [35m[ADB][39m Getting install status for io.appium.settings
[debug] [35m[ADB][39m Running 'C:\Users\Nurul Handayani\AppData\Local\Android\Sdk\platform-tools\adb.exe -P 5037 -s emulator-5554 shell dumpsys package io.appium.settings'
[debug] [35m[ADB][39m 'io.appium.settings' is installed
[debug] [35m[ADB][39m Getting package info for 'io.appium.settings'
[debug] [35m[ADB][39m Running 'C:\Users\Nurul Handayani\AppData\Local\Android\Sdk\platform-tools\adb.exe -P 5037 -s emulator-5554 shell dumpsys package io.appium.settings'
[debug] [35m[ADB][39m The version name of the installed 'io.appium.settings' is greater or equal to the application version name ('3.4.0' >= '3.4.0')
[debug] [35m[ADB][39m There is no need to install/upgrade 'C:\Users\Nurul Handayani\AppData\Roaming\npm\node_modules\appium\node_modules\io.appium.settings\apks\settings_apk-debug.apk'
[debug] [35m[ADB][39m Getting IDs of all 'io.appium.settings' processes
[debug] [35m[ADB][39m Running 'C:\Users\Nurul Handayani\AppData\Local\Android\Sdk\platform-tools\adb.exe -P 5037 -s emulator-5554 shell 'pgrep --help; echo $?''
[debug] [35m[ADB][39m Running 'C:\Users\Nurul Handayani\AppData\Local\Android\Sdk\platform-tools\adb.exe -P 5037 -s emulator-5554 shell pgrep -f \(\[\[:blank:\]\]\|\^\)io\.appium\.settings\(\[\[:blank:\]\]\|\$\)'
[debug] [35m[AndroidDriver][39m io.appium.settings is already running. There is no need to reset its permissions.
[debug] [35m[Logcat][39m Starting logs capture with command: 'C:\\Users\\Nurul Handayani\\AppData\\Local\\Android\\Sdk\\platform-tools\\adb.exe' -P 5037 -s emulator-5554 logcat -v threadtime
[debug] [35m[UiAutomator2][39m Forwarding UiAutomator2 Server port 6790 to local port 61919
[debug] [35m[ADB][39m Forwarding system: 61919 to device: 6790
[debug] [35m[ADB][39m Running 'C:\Users\Nurul Handayani\AppData\Local\Android\Sdk\platform-tools\adb.exe -P 5037 -s emulator-5554 forward tcp:61919 tcp:6790'
[debug] [35m[ADB][39m Getting install status for io.appium.uiautomator2.server
[debug] [35m[ADB][39m Running 'C:\Users\Nurul Handayani\AppData\Local\Android\Sdk\platform-tools\adb.exe -P 5037 -s emulator-5554 shell dumpsys package io.appium.uiautomator2.server'
[debug] [35m[ADB][39m 'io.appium.uiautomator2.server' is installed
[debug] [35m[ADB][39m Getting package info for 'io.appium.uiautomator2.server'
[debug] [35m[ADB][39m Running 'C:\Users\Nurul Handayani\AppData\Local\Android\Sdk\platform-tools\adb.exe -P 5037 -s emulator-5554 shell dumpsys package io.appium.uiautomator2.server'
[debug] [35m[ADB][39m The version name of the installed 'io.appium.uiautomator2.server' is greater or equal to the application version name ('4.27.0' >= '4.27.0')
[debug] [35m[UiAutomator2][39m io.appium.uiautomator2.server installation state: sameVersionInstalled
[debug] [35m[ADB][39m Checking app cert for C:\Users\Nurul Handayani\AppData\Roaming\npm\node_modules\appium\node_modules\appium-uiautomator2-server\apks\appium-uiautomator2-server-v4.27.0.apk
[35m[ADB][39m Using 'apksigner.jar' from 'C:\Users\Nurul Handayani\AppData\Local\Android\Sdk\build-tools\34.0.0\lib\apksigner.jar'
[debug] [35m[ADB][39m Starting apksigner: C:\\Katalon_Studio_Windows_64-8.4.1\\jre\\bin\\java.exe -Xmx1024M -Xss1m -jar 'C:\\Users\\Nurul Handayani\\AppData\\Local\\Android\\Sdk\\build-tools\\34.0.0\\lib\\apksigner.jar' verify --print-certs 'C:\\Users\\Nurul Handayani\\AppData\\Roaming\\npm\\node_modules\\appium\\node_modules\\appium-uiautomator2-server\\apks\\appium-uiautomator2-server-v4.27.0.apk'
[debug] [35m[ADB][39m apksigner stdout: Signer #1 certificate DN: EMAILADDRESS=android@android.com, CN=Android, OU=Android, O=Android, L=Mountain View, ST=California, C=US
[debug] [35m[ADB][39m Signer #1 certificate SHA-256 digest: a40da80a59d170caa950cf15c18c454d47a39b26989d8b640ecd745ba71bf5dc
[debug] [35m[ADB][39m Signer #1 certificate SHA-1 digest: 61ed377e85d386a8dfee6b864bd85b0bfaa5af81
[debug] [35m[ADB][39m Signer #1 certificate MD5 digest: e89b158e4bcf988ebd09eb83f5378e87
[debug] [35m[ADB][39m 
[debug] [35m[ADB][39m sha256 hash did match for 'appium-uiautomator2-server-v4.27.0.apk'
[35m[ADB][39m 'C:\Users\Nurul Handayani\AppData\Roaming\npm\node_modules\appium\node_modules\appium-uiautomator2-server\apks\appium-uiautomator2-server-v4.27.0.apk' is signed with the default certificate
[debug] [35m[ADB][39m Getting install status for io.appium.uiautomator2.server.test
[debug] [35m[ADB][39m Running 'C:\Users\Nurul Handayani\AppData\Local\Android\Sdk\platform-tools\adb.exe -P 5037 -s emulator-5554 shell dumpsys package io.appium.uiautomator2.server.test'
[debug] [35m[ADB][39m 'io.appium.uiautomator2.server.test' is installed
[debug] [35m[ADB][39m Checking app cert for C:\Users\Nurul Handayani\AppData\Roaming\npm\node_modules\appium\node_modules\appium-uiautomator2-server\apks\appium-uiautomator2-server-debug-androidTest.apk
[debug] [35m[ADB][39m Starting apksigner: C:\\Katalon_Studio_Windows_64-8.4.1\\jre\\bin\\java.exe -Xmx1024M -Xss1m -jar 'C:\\Users\\Nurul Handayani\\AppData\\Local\\Android\\Sdk\\build-tools\\34.0.0\\lib\\apksigner.jar' verify --print-certs 'C:\\Users\\Nurul Handayani\\AppData\\Roaming\\npm\\node_modules\\appium\\node_modules\\appium-uiautomator2-server\\apks\\appium-uiautomator2-server-debug-androidTest.apk'
[debug] [35m[ADB][39m apksigner stdout: Signer #1 certificate DN: EMAILADDRESS=android@android.com, CN=Android, OU=Android, O=Android, L=Mountain View, ST=California, C=US
[debug] [35m[ADB][39m Signer #1 certificate SHA-256 digest: a40da80a59d170caa950cf15c18c454d47a39b26989d8b640ecd745ba71bf5dc
[debug] [35m[ADB][39m Signer #1 certificate SHA-1 digest: 61ed377e85d386a8dfee6b864bd85b0bfaa5af81
[debug] [35m[ADB][39m Signer #1 certificate MD5 digest: e89b158e4bcf988ebd09eb83f5378e87
[debug] [35m[ADB][39m 
[debug] [35m[ADB][39m sha256 hash did match for 'appium-uiautomator2-server-debug-androidTest.apk'
[35m[ADB][39m 'C:\Users\Nurul Handayani\AppData\Roaming\npm\node_modules\appium\node_modules\appium-uiautomator2-server\apks\appium-uiautomator2-server-debug-androidTest.apk' is signed with the default certificate
[35m[UiAutomator2][39m Server packages are not going to be (re)installed
[debug] [35m[UiAutomator2][39m Waiting up to 30000ms for services to be available
[debug] [35m[ADB][39m Running 'C:\Users\Nurul Handayani\AppData\Local\Android\Sdk\platform-tools\adb.exe -P 5037 -s emulator-5554 shell pm list instrumentation'
[debug] [35m[UiAutomator2][39m Instrumentation target 'io.appium.uiautomator2.server.test/androidx.test.runner.AndroidJUnitRunner' is available
[35m[ADB][39m Adding packages ["io.appium.settings","io.appium.uiautomator2.server","io.appium.uiautomator2.server.test"] to Doze whitelist
[debug] [35m[ADB][39m Got the following command chunks to execute: [["dumpsys","deviceidle","whitelist","+io.appium.settings",";","dumpsys","deviceidle","whitelist","+io.appium.uiautomator2.server",";","dumpsys","deviceidle","whitelist","+io.appium.uiautomator2.server.test",";"]]
[debug] [35m[ADB][39m Running 'C:\Users\Nurul Handayani\AppData\Local\Android\Sdk\platform-tools\adb.exe -P 5037 -s emulator-5554 shell dumpsys deviceidle whitelist +io.appium.settings ; dumpsys deviceidle whitelist +io.appium.uiautomator2.server ; dumpsys deviceidle whitelist +io.appium.uiautomator2.server.test ;'
[debug] [35m[ADB][39m Checking app cert for C:\Users\Nurul Handayani\Downloads\app-pendaki.apk
[debug] [35m[ADB][39m Starting apksigner: C:\\Katalon_Studio_Windows_64-8.4.1\\jre\\bin\\java.exe -Xmx1024M -Xss1m -jar 'C:\\Users\\Nurul Handayani\\AppData\\Local\\Android\\Sdk\\build-tools\\34.0.0\\lib\\apksigner.jar' verify --print-certs 'C:\\Users\\Nurul Handayani\\Downloads\\app-pendaki.apk'
[debug] [35m[ADB][39m apksigner stdout: Signer #1 certificate DN: C=US, O=Android, CN=Android Debug
[debug] [35m[ADB][39m Signer #1 certificate SHA-256 digest: d72f9ffa739b054803d713d0007be0885c068e55b644271a627b7cec14b36b55
[debug] [35m[ADB][39m Signer #1 certificate SHA-1 digest: 85fa8439175fdaafdbab282d7000f9d50863ca19
[debug] [35m[ADB][39m Signer #1 certificate MD5 digest: 7beb8f79f1c43731355002ffc90f8a8a
[debug] [35m[ADB][39m 
[35m[ADB][39m 'C:\Users\Nurul Handayani\Downloads\app-pendaki.apk' is signed with a non-default certificate
[debug] [35m[ADB][39m Getting install status for com.wahidari.pendaki
[debug] [35m[ADB][39m Running 'C:\Users\Nurul Handayani\AppData\Local\Android\Sdk\platform-tools\adb.exe -P 5037 -s emulator-5554 shell dumpsys package com.wahidari.pendaki'
[debug] [35m[ADB][39m 'com.wahidari.pendaki' is not installed
[debug] [35m[ADB][39m App 'C:\Users\Nurul Handayani\Downloads\app-pendaki.apk' is not installed
[debug] [35m[ADB][39m Installing 'C:\Users\Nurul Handayani\Downloads\app-pendaki.apk'
[debug] [35m[ADB][39m Running 'C:\Users\Nurul Handayani\AppData\Local\Android\Sdk\platform-tools\adb.exe -P 5037 -s emulator-5554 help'
[debug] [35m[ADB][39m Running 'C:\Users\Nurul Handayani\AppData\Local\Android\Sdk\platform-tools\adb.exe -P 5037 -s emulator-5554 features'
[35m[ADB][39m The application at 'C:\Users\Nurul Handayani\Downloads\app-pendaki.apk' will not be cached, because the device under test has confirmed the support of streamed installs
[debug] [35m[ADB][39m Running 'C:\Users\Nurul Handayani\AppData\Local\Android\Sdk\platform-tools\adb.exe -P 5037 -s emulator-5554 install -g 'C:\\Users\\Nurul Handayani\\Downloads\\app-pendaki.apk''
[35m[ADB][39m The installation of 'app-pendaki.apk' took 724ms
[debug] [35m[ADB][39m Install command stdout: Performing Streamed Install
[debug] [35m[ADB][39m Success
[debug] [35m[UiAutomator2][39m Performing shallow cleanup of automation leftovers
[debug] [35m[UiAutomator2][39m No obsolete sessions have been detected (socket hang up)
[debug] [35m[ADB][39m Running 'C:\Users\Nurul Handayani\AppData\Local\Android\Sdk\platform-tools\adb.exe -P 5037 -s emulator-5554 shell am force-stop io.appium.uiautomator2.server.test'
[35m[UiAutomator2][39m Starting UIAutomator2 server 4.27.0
[35m[UiAutomator2][39m Using UIAutomator2 server from 'C:\Users\Nurul Handayani\AppData\Roaming\npm\node_modules\appium\node_modules\appium-uiautomator2-server\apks\appium-uiautomator2-server-v4.27.0.apk' and test from 'C:\Users\Nurul Handayani\AppData\Roaming\npm\node_modules\appium\node_modules\appium-uiautomator2-server\apks\appium-uiautomator2-server-debug-androidTest.apk'
[35m[UiAutomator2][39m Waiting up to 30000ms for UiAutomator2 to be online...
[debug] [35m[ADB][39m Creating ADB subprocess with args: ["-P",5037,"-s","emulator-5554","shell","am","instrument","-w","-e","disableAnalytics",true,"io.appium.uiautomator2.server.test/androidx.test.runner.AndroidJUnitRunner"]
[debug] [35m[WD Proxy][39m Matched '/status' to command name 'getStatus'
[debug] [35m[WD Proxy][39m Proxying [GET /status] to [GET http://127.0.0.1:61919/wd/hub/status] with no body
[35m[WD Proxy][39m socket hang up
[debug] [35m[WD Proxy][39m Matched '/status' to command name 'getStatus'
[debug] [35m[WD Proxy][39m Proxying [GET /status] to [GET http://127.0.0.1:61919/wd/hub/status] with no body
[35m[WD Proxy][39m socket hang up
[debug] [35m[Instrumentation][39m io.appium.uiautomator2.server.test.AppiumUiAutomator2Server:
[debug] [35m[WD Proxy][39m Matched '/status' to command name 'getStatus'
[debug] [35m[WD Proxy][39m Proxying [GET /status] to [GET http://127.0.0.1:61919/wd/hub/status] with no body
[35m[WD Proxy][39m socket hang up
[debug] [35m[WD Proxy][39m Matched '/status' to command name 'getStatus'
[debug] [35m[WD Proxy][39m Proxying [GET /status] to [GET http://127.0.0.1:61919/wd/hub/status] with no body
[35m[WD Proxy][39m socket hang up
[debug] [35m[WD Proxy][39m Matched '/status' to command name 'getStatus'
[debug] [35m[WD Proxy][39m Proxying [GET /status] to [GET http://127.0.0.1:61919/wd/hub/status] with no body
[debug] [35m[WD Proxy][39m Got response with status 200: {"sessionId":"None","value":{"message":"UiAutomator2 Server is ready to accept commands","ready":true}}
[debug] [35m[UiAutomator2][39m The initialization of the instrumentation process took 4301ms
[debug] [35m[WD Proxy][39m Matched '/session' to command name 'createSession'
[debug] [35m[WD Proxy][39m Proxying [POST /session] to [POST http://127.0.0.1:61919/wd/hub/session] with body: {"capabilities":{"firstMatch":[{"platform":"ANDROID","webStorageEnabled":false,"takesScreenshot":true,"javascriptEnabled":true,"databaseEnabled":false,"networkConnectionEnabled":true,"locationContextEnabled":false,"warnings":{},"desired":{"platformName":"android","platform":"ANDROID","chromedriverPort":61912,"app":"C:\\Users\\Nurul Handayani\\Downloads\\app-pendaki.apk","autoGrantPermissions":true,"automationName":"uiautomator2","deviceName":"emulator-5554 (sdk_gphone64_x86_64 - Android 14)","fullReset":false,"newCommandTimeout":1800,"noReset":true,"platformVersion":"14","systemPort":61919,"udid":"emulator-5554"},"platformName":"android","chromedriverPort":61912,"app":"C:\\Users\\Nurul Handayani\\Downloads\\app-pendaki.apk","autoGrantPermissions":true,"automationName":"uiautomator2","deviceName":"emulator-5554","fullReset":false,"newCommandTimeout":1800,"noReset":true,"platformVersion":"14","systemPort":61919,"udid":"emulator-5554","deviceUDID":"emulator-5554","appPackage":"com.wahidari.pendaki"}],"alwaysM...
[debug] [35m[WD Proxy][39m Got response with status 200: {"sessionId":"af97e952-cde4-4914-9440-43278cd56e58","value":{"capabilities":{"firstMatch":[{"platform":"ANDROID","webStorageEnabled":false,"takesScreenshot":true,"javascriptEnabled":true,"databaseEnabled":false,"networkConnectionEnabled":true,"locationContextEnabled":false,"warnings":{},"desired":{"platformName":"android","platform":"ANDROID","chromedriverPort":61912,"app":"C:\\Users\\Nurul Handayani\\Downloads\\app-pendaki.apk","autoGrantPermissions":true,"automationName":"uiautomator2","deviceName":"emulator-5554 (sdk_gphone64_x86_64 - Android 14)","fullReset":false,"newCommandTimeout":1800,"noReset":true,"platformVersion":"14","systemPort":61919,"udid":"emulator-5554"},"platformName":"android","chromedriverPort":61912,"app":"C:\\Users\\Nurul Handayani\\Downloads\\app-pendaki.apk","autoGrantPermissions":true,"automationName":"uiautomator2","deviceName":"emulator-5554","fullReset":false,"newCommandTimeout":1800,"noReset":true,"platformVersion":"14","systemPort":61919,"udid":"emulator-5554","deviceUDID":"e...
[35m[WD Proxy][39m Determined the downstream protocol as 'W3C'
[debug] [35m[WD Proxy][39m Proxying [GET /appium/device/info] to [GET http://127.0.0.1:61919/wd/hub/session/af97e952-cde4-4914-9440-43278cd56e58/appium/device/info] with no body
[debug] [35m[WD Proxy][39m Got response with status 200: {"sessionId":"af97e952-cde4-4914-9440-43278cd56e58","value":{"androidId":"90090ffaec207760","apiVersion":"34","bluetooth":{"state":"ON"},"brand":"google","carrierName":"T-Mobile","displayDensity":440,"locale":"en_US","manufacturer":"Google","model":"sdk_gphone64_x86_64","networks":[{"capabilities":{"SSID":null,"linkDownBandwidthKbps":30000,"linkUpstreamBandwidthKbps":12000,"networkCapabilities":"NET_CAPABILITY_NOT_METERED,NET_CAPABILITY_INTERNET,NET_CAPABILITY_NOT_RESTRICTED,NET_CAPABILITY_TRUSTED,NET_CAPABILITY_NOT_VPN,NET_CAPABILITY_VALIDATED,NET_CAPABILITY_NOT_ROAMING,NET_CAPABILITY_FOREGROUND,NET_CAPABILITY_NOT_CONGESTED,NET_CAPABILITY_NOT_SUSPENDED","signalStrength":-50,"transportTypes":"TRANSPORT_WIFI"},"detailedState":"CONNECTED","extraInfo":"","isAvailable":true,"isConnected":true,"isFailover":false,"isRoaming":false,"state":"CONNECTED","subtype":-1,"subtypeName":"","type":1,"typeName":"WIFI"},{"capabilities":{"SSID":null,"linkDownBandwidthKbps":30000,"linkUpstreamBandwidthKbps":15000,"networkCapab...
[debug] [35m[ADB][39m Running 'C:\Users\Nurul Handayani\AppData\Local\Android\Sdk\platform-tools\adb.exe -P 5037 -s emulator-5554 shell dumpsys window'
[35m[AndroidDriver][39m Screen already unlocked, doing nothing
[35m[UiAutomator2][39m Starting 'com.wahidari.pendaki/com.wahidari.pendaki.MainActivity and waiting for 'com.wahidari.pendaki/com.wahidari.pendaki.MainActivity'
[debug] [35m[ADB][39m Running 'C:\Users\Nurul Handayani\AppData\Local\Android\Sdk\platform-tools\adb.exe -P 5037 -s emulator-5554 shell am start -W -n com.wahidari.pendaki/com.wahidari.pendaki.MainActivity -S -a android.intent.action.MAIN -c android.intent.category.LAUNCHER -f 0x10200000'
[debug] [35m[ADB][39m Waiting up to 20000ms for activity matching pkg: 'com.wahidari.pendaki' and activity: 'com.wahidari.pendaki.MainActivity' to be focused
[debug] [35m[ADB][39m Possible activities, to be checked: 'com.wahidari.pendaki.MainActivity', 'com.wahidari.pendaki.com.wahidari.pendaki.MainActivity'
[debug] [35m[ADB][39m Getting focused package and activity
[debug] [35m[ADB][39m Running 'C:\Users\Nurul Handayani\AppData\Local\Android\Sdk\platform-tools\adb.exe -P 5037 -s emulator-5554 shell dumpsys window displays'
[debug] [35m[ADB][39m Found package: 'com.wahidari.pendaki' and fully qualified activity name : 'com.wahidari.pendaki.MainActivity'
[debug] [35m[WD Proxy][39m Proxying [GET /appium/device/pixel_ratio] to [GET http://127.0.0.1:61919/wd/hub/session/af97e952-cde4-4914-9440-43278cd56e58/appium/device/pixel_ratio] with no body
[debug] [35m[WD Proxy][39m Got response with status 200: {"sessionId":"af97e952-cde4-4914-9440-43278cd56e58","value":2.75}
[debug] [35m[WD Proxy][39m Matched '/appium/device/system_bars' to command name 'getSystemBars'
[debug] [35m[WD Proxy][39m Proxying [GET /appium/device/system_bars] to [GET http://127.0.0.1:61919/wd/hub/session/af97e952-cde4-4914-9440-43278cd56e58/appium/device/system_bars] with no body
[debug] [35m[WD Proxy][39m Got response with status 200: {"sessionId":"af97e952-cde4-4914-9440-43278cd56e58","value":{"statusBar":66}}
[debug] [35m[WD Proxy][39m Matched '/window/current/size' to command name 'getWindowSize'
[debug] [35m[WD Proxy][39m Proxying [GET /window/current/size] to [GET http://127.0.0.1:61919/wd/hub/session/af97e952-cde4-4914-9440-43278cd56e58/window/current/size] with no body
[debug] [35m[WD Proxy][39m Got response with status 200: {"sessionId":"af97e952-cde4-4914-9440-43278cd56e58","value":{"height":2154,"width":1080}}
[35m[Appium][39m New AndroidUiautomator2Driver session created successfully, session d13b6afd-ca29-4476-9f3e-49bb75b30e66 added to master session list
[debug] [35m[BaseDriver][39m Event 'newSessionStarted' logged at 1728723928032 (16:05:28 GMT+0700 (Western Indonesia Time))
[debug] [35m[W3C (d13b6afd)][39m Cached the protocol value 'W3C' for the new session d13b6afd-ca29-4476-9f3e-49bb75b30e66
[debug] [35m[W3C (d13b6afd)][39m Responding to client with driver.createSession() result: {"capabilities":{"platform":"ANDROID","webStorageEnabled":false,"takesScreenshot":true,"javascriptEnabled":true,"databaseEnabled":false,"networkConnectionEnabled":true,"locationContextEnabled":false,"warnings":{},"desired":{"platformName":"android","platform":"ANDROID","chromedriverPort":61912,"app":"C:\\Users\\Nurul Handayani\\Downloads\\app-pendaki.apk","autoGrantPermissions":true,"automationName":"uiautomator2","deviceName":"emulator-5554 (sdk_gphone64_x86_64 - Android 14)","fullReset":false,"newCommandTimeout":1800,"noReset":true,"platformVersion":"14","systemPort":61919,"udid":"emulator-5554"},"platformName":"android","chromedriverPort":61912,"app":"C:\\Users\\Nurul Handayani\\Downloads\\app-pendaki.apk","autoGrantPermissions":true,"automationName":"uiautomator2","deviceName":"emulator-5554","fullReset":false,"newCommandTimeout":1800,"noReset":true,"platformVersion":"14","systemPort":61919,"udid":"emulator-5554","deviceUDID":"emulator-5554","appPackage":"com.wahidari.pendaki","deviceApiLevel":34,"devi...
[35m[HTTP][39m [37m<-- POST /wd/hub/session [39m[32m200[39m [90m14291 ms - 1300[39m
[35m[HTTP][39m [90m[39m
[35m[HTTP][39m [37m-->[39m [37mGET[39m [37m/wd/hub/session/d13b6afd-ca29-4476-9f3e-49bb75b30e66[39m
[35m[HTTP][39m [90m{}[39m
[debug] [35m[W3C (d13b6afd)][39m Calling AppiumDriver.getSession() with args: ["d13b6afd-ca29-4476-9f3e-49bb75b30e66"]
[debug] [35m[UiAutomator2][39m Getting session details from server to mix in
[debug] [35m[WD Proxy][39m Matched '/' to command name 'getSession'
[debug] [35m[WD Proxy][39m Proxying [GET /] to [GET http://127.0.0.1:61919/wd/hub/session/af97e952-cde4-4914-9440-43278cd56e58] with no body
[debug] [35m[WD Proxy][39m Got response with status 200: {"sessionId":"af97e952-cde4-4914-9440-43278cd56e58","value":{"lastScrollData":null}}
[debug] [35m[W3C (d13b6afd)][39m Responding to client with driver.getSession() result: {"platform":"ANDROID","webStorageEnabled":false,"takesScreenshot":true,"javascriptEnabled":true,"databaseEnabled":false,"networkConnectionEnabled":true,"locationContextEnabled":false,"warnings":{},"desired":{"platformName":"android","platform":"ANDROID","chromedriverPort":61912,"app":"C:\\Users\\Nurul Handayani\\Downloads\\app-pendaki.apk","autoGrantPermissions":true,"automationName":"uiautomator2","deviceName":"emulator-5554 (sdk_gphone64_x86_64 - Android 14)","fullReset":false,"newCommandTimeout":1800,"noReset":true,"platformVersion":"14","systemPort":61919,"udid":"emulator-5554"},"platformName":"android","chromedriverPort":61912,"app":"C:\\Users\\Nurul Handayani\\Downloads\\app-pendaki.apk","autoGrantPermissions":true,"automationName":"uiautomator2","deviceName":"emulator-5554","fullReset":false,"newCommandTimeout":1800,"noReset":true,"platformVersion":"14","systemPort":61919,"udid":"emulator-5554","deviceUDID":"emulator-5554","appPackage":"com.wahidari.pendaki","deviceApiLevel":34,"deviceScreenSize":"1...
[35m[HTTP][39m [37m<-- GET /wd/hub/session/d13b6afd-ca29-4476-9f3e-49bb75b30e66 [39m[32m200[39m [90m37 ms - 1254[39m
[35m[HTTP][39m [90m[39m
[35m[HTTP][39m [37m-->[39m [37mGET[39m [37m/wd/hub/session/d13b6afd-ca29-4476-9f3e-49bb75b30e66[39m
[35m[HTTP][39m [90m{}[39m
[debug] [35m[W3C (d13b6afd)][39m Calling AppiumDriver.getSession() with args: ["d13b6afd-ca29-4476-9f3e-49bb75b30e66"]
[debug] [35m[UiAutomator2][39m Getting session details from server to mix in
[debug] [35m[WD Proxy][39m Matched '/' to command name 'getSession'
[debug] [35m[WD Proxy][39m Proxying [GET /] to [GET http://127.0.0.1:61919/wd/hub/session/af97e952-cde4-4914-9440-43278cd56e58] with no body
[debug] [35m[WD Proxy][39m Got response with status 200: {"sessionId":"af97e952-cde4-4914-9440-43278cd56e58","value":{"lastScrollData":null}}
[debug] [35m[W3C (d13b6afd)][39m Responding to client with driver.getSession() result: {"platform":"ANDROID","webStorageEnabled":false,"takesScreenshot":true,"javascriptEnabled":true,"databaseEnabled":false,"networkConnectionEnabled":true,"locationContextEnabled":false,"warnings":{},"desired":{"platformName":"android","platform":"ANDROID","chromedriverPort":61912,"app":"C:\\Users\\Nurul Handayani\\Downloads\\app-pendaki.apk","autoGrantPermissions":true,"automationName":"uiautomator2","deviceName":"emulator-5554 (sdk_gphone64_x86_64 - Android 14)","fullReset":false,"newCommandTimeout":1800,"noReset":true,"platformVersion":"14","systemPort":61919,"udid":"emulator-5554"},"platformName":"android","chromedriverPort":61912,"app":"C:\\Users\\Nurul Handayani\\Downloads\\app-pendaki.apk","autoGrantPermissions":true,"automationName":"uiautomator2","deviceName":"emulator-5554","fullReset":false,"newCommandTimeout":1800,"noReset":true,"platformVersion":"14","systemPort":61919,"udid":"emulator-5554","deviceUDID":"emulator-5554","appPackage":"com.wahidari.pendaki","deviceApiLevel":34,"deviceScreenSize":"1...
[35m[HTTP][39m [37m<-- GET /wd/hub/session/d13b6afd-ca29-4476-9f3e-49bb75b30e66 [39m[32m200[39m [90m28 ms - 1254[39m
[35m[HTTP][39m [90m[39m
[35m[HTTP][39m [37m-->[39m [37mGET[39m [37m/wd/hub/status[39m
[35m[HTTP][39m [90m{}[39m
[debug] [35m[GENERIC][39m Calling AppiumDriver.getStatus() with args: []
[debug] [35m[GENERIC][39m Responding to client with driver.getStatus() result: {"build":{"version":"1.22.3"}}
[35m[HTTP][39m [37m<-- GET /wd/hub/status [39m[32m200[39m [90m2 ms - 68[39m
[35m[HTTP][39m [90m[39m
[35m[HTTP][39m [37m-->[39m [37mPOST[39m [37m/wd/hub/session/d13b6afd-ca29-4476-9f3e-49bb75b30e66/timeouts[39m
[35m[HTTP][39m [90m{"implicit":60000}[39m
[debug] [35m[W3C (d13b6afd)][39m Calling AppiumDriver.timeouts() with args: [null,null,null,null,60000,"d13b6afd-ca29-4476-9f3e-49bb75b30e66"]
[debug] [35m[BaseDriver][39m W3C timeout argument: {"implicit":60000}}
[debug] [35m[BaseDriver][39m Set implicit wait to 60000ms
[debug] [35m[W3C (d13b6afd)][39m Responding to client with driver.timeouts() result: null
[35m[HTTP][39m [37m<-- POST /wd/hub/session/d13b6afd-ca29-4476-9f3e-49bb75b30e66/timeouts [39m[32m200[39m [90m6 ms - 14[39m
[35m[HTTP][39m [90m[39m
[35m[HTTP][39m [37m-->[39m [37mGET[39m [37m/wd/hub/session/d13b6afd-ca29-4476-9f3e-49bb75b30e66/source[39m
[35m[HTTP][39m [90m{}[39m
[35m[W3C (d13b6afd)][39m Driver proxy active, passing request on via HTTP proxy
[debug] [35m[WD Proxy][39m Matched '/wd/hub/session/d13b6afd-ca29-4476-9f3e-49bb75b30e66/source' to command name 'getPageSource'
[debug] [35m[WD Proxy][39m Proxying [GET /wd/hub/session/d13b6afd-ca29-4476-9f3e-49bb75b30e66/source] to [GET http://127.0.0.1:61919/wd/hub/session/af97e952-cde4-4914-9440-43278cd56e58/source] with no body
[debug] [35m[WD Proxy][39m Got response with status 200: {"sessionId":"af97e952-cde4-4914-9440-43278cd56e58","value":"<?xml version='1.0' encoding='UTF-8' standalone='yes' ?>\r\n<hierarchy index=\"0\" class=\"hierarchy\" rotation=\"0\" width=\"1080\" height=\"2154\">\r\n  <android.widget.FrameLayout index=\"0\" package=\"android\" class=\"android.widget.FrameLayout\" text=\"\" checkable=\"false\" checked=\"false\" clickable=\"false\" enabled=\"true\" focusable=\"false\" focused=\"false\" long-clickable=\"false\" password=\"false\" scrollable=\"false\" selected=\"false\" bounds=\"[27,774][1053,1446]\" displayed=\"true\">\r\n    <android.widget.FrameLayout index=\"0\" package=\"android\" class=\"android.widget.FrameLayout\" text=\"\" checkable=\"false\" checked=\"false\" clickable=\"false\" enabled=\"true\" focusable=\"false\" focused=\"false\" long-clickable=\"false\" password=\"false\" scrollable=\"false\" selected=\"false\" bounds=\"[71,818][1009,1402]\" displayed=\"true\">\r\n      <android.widget.FrameLayout index=\"0\" package=\"android\" class=\"android.wid...
[35m[WD Proxy][39m Replacing sessionId af97e952-cde4-4914-9440-43278cd56e58 with d13b6afd-ca29-4476-9f3e-49bb75b30e66
[35m[HTTP][39m [37m<-- GET /wd/hub/session/d13b6afd-ca29-4476-9f3e-49bb75b30e66/source [39m[32m200[39m [90m145 ms - 6820[39m
[35m[HTTP][39m [90m[39m
[35m[HTTP][39m [37m-->[39m [37mGET[39m [37m/wd/hub/session/d13b6afd-ca29-4476-9f3e-49bb75b30e66/screenshot[39m
[35m[HTTP][39m [90m{}[39m
[debug] [35m[W3C (d13b6afd)][39m Calling AppiumDriver.getScreenshot() with args: ["d13b6afd-ca29-4476-9f3e-49bb75b30e66"]
[debug] [35m[WD Proxy][39m Matched '/screenshot' to command name 'getScreenshot'
[debug] [35m[WD Proxy][39m Proxying [GET /screenshot] to [GET http://127.0.0.1:61919/wd/hub/session/af97e952-cde4-4914-9440-43278cd56e58/screenshot] with no body
[debug] [35m[WD Proxy][39m Got response with status 200: {"sessionId":"af97e952-cde4-4914-9440-43278cd56e58","value":"iVBORw0KGgoAAAANSUhEUgAABDgAAAisCAYAAACtR1KuAAAAAXNSR0IArs4c6QAAAARzQklUCAgI\nCHwIZIgAACAASURBVHic7N13eGNnnf7/+xx1y3KR67jMeEpmJpOZlEmvJAQmlGwghBLYL2zo7C4t\nhPwIu0Bou2SXhN5CAgllIQQIENJIg/SQOiF1erXHvduS1c7vj8k4lizJsi3JPvb7dV1zXWPplOeo\nHEn3+TzPY+jEYywBAAAAAADYmDnXDQAAAAAAAJgtAg4AAAAAAGB7BBwAAAAAAMD2CDgAAAAAAIDt\nEXAAAAAAAADbI+AAAAAAAAC2R8ABAAAAAABsj4ADAAAAAADYHgEHAAAAAACwPQIOAAAAAABgewQc\nAAAAAADA9gg4AAAAAACA7TnnugF2YBiGVjY26ZJ3vVubTjxJLUsaku6zLEuSFIvH9cKunfq/v9yu\n62+9WT0DA+P3AQAAAACAwjF04jH8Ak/DMAx53W59/9LP6p2bzpHH5ZZhGDmvn0gkNDgyosuv+ZG+\n+9sbCDoAAAAAACggAo40HKapW676jjadeJIMw5hWsJHKsixZliX3aSconkjksZUoFMMw5HI65Xa6\n5HG7ZBoHe3JZshSPJxSOjCkaiykWj89xSwEAAICZqwyUaf3KlVpSVa2aykpVBsrUNzSorr4+Hejp\n1nM7dqhvaHCum5l3R69eo81bt8x1M1AAdFFJccYxG3Xv96+Ww3TkZXuHApL3nvsmXXvzH/KyzWI7\nYd16/f2nP5/2eolEQrc+/KAu/NxlGg2HC9Cy/DEMQx6XS+WlAVUGAlre0Kim2jqtamqW3+eVJCUS\nlnoHB7R13161dnZqT/sBDY6MaHBkmLADAAAA896xaw/Xa44/UWcde7yOOmy16quqplynvadHz2zb\nqnuffEx3P/Z3PbXlpSK0tHCu...
[debug] [35m[W3C (d13b6afd)][39m Responding to client with driver.getScreenshot() result: "iVBORw0KGgoAAAANSUhEUgAABDgAAAisCAYAAACtR1KuAAAAAXNSR0IArs4c6QAAAARzQklUCAgI\nCHwIZIgAACAASURBVHic7N13eGNnnf7/+xx1y3KR67jMeEpmJpOZlEmvJAQmlGwghBLYL2zo7C4t\nhPwIu0Bou2SXhN5CAgllIQQIENJIg/SQOiF1erXHvduS1c7vj8k4lizJsi3JPvb7dV1zXWPplOeo\nHEn3+TzPY+jEYywBAAAAAADYmDnXDQAAAAAAAJgtAg4AAAAAAGB7BBwAAAAAAMD2CDgAAAAAAIDt\nEXAAAAAAAADbI+AAAAAAAAC2R8ABAAAAAABsj4ADAAAAAADYHgEHAAAAAACwPQIOAAAAAABgewQc\nAAAAAADA9gg4AAAAAACA7TnnugF2YBiGVjY26ZJ3vVubTjxJLUsaku6zLEuSFIvH9cKunfq/v9yu\n62+9WT0DA+P3AQAAAACAwjF04jH8Ak/DMAx53W59/9LP6p2bzpHH5ZZhGDmvn0gkNDgyosuv+ZG+\n+9sbCDoAAAAAACggAo40HKapW676jjadeJIMw5hWsJHKsixZliX3aSconkjksZUoFMMw5HI65Xa6\n5HG7ZBoHe3JZshSPJxSOjCkaiykWj89xSwEAAICZqwyUaf3KlVpSVa2aykpVBsrUNzSorr4+Hejp\n1nM7dqhvaHCum5l3R69eo81bt8x1M1AAdFFJccYxG3Xv96+Ww3TkZXuHApL3nvsmXXvzH/KyzWI7\nYd16/f2nP5/2eolEQrc+/KAu/NxlGg2HC9Cy/DEMQx6XS+WlAVUGAlre0Kim2jqtamqW3+eVJCUS\nlnoHB7R13161dnZqT/sBDY6MaHBkmLADAAAA896xaw/Xa44/UWcde7yOOmy16quqplynvadHz2zb\nqnuffEx3P/Z3PbXlpSK0tHCu+/wXtefAAQKOBYoKjpcZhqGrL/tPfeC882dVsZFJV1+f6t7wGlmW\npVVNzd...
[35m[HTTP][39m [37m<-- GET /wd/hub/session/d13b6afd-ca29-4476-9f3e-49bb75b30e66/screenshot [39m[32m200[39m [90m2406 ms - 2428378[39m
[35m[HTTP][39m [90m[39m
[35m[HTTP][39m [37m-->[39m [37mPOST[39m [37m/wd/hub/session/d13b6afd-ca29-4476-9f3e-49bb75b30e66/elements[39m
[35m[HTTP][39m [90m{"using":"xpath","value":"//*[@class = 'android.widget.Button' and (@text = 'OK' or . = 'OK') and @resource-id = 'android:id/button1']"}[39m
[debug] [35m[W3C (d13b6afd)][39m Calling AppiumDriver.findElements() with args: ["xpath","//*[@class = 'android.widget.Button' and (@text = 'OK' or . = 'OK') and @resource-id = 'android:id/button1']","d13b6afd-ca29-4476-9f3e-49bb75b30e66"]
[debug] [35m[BaseDriver][39m Valid locator strategies for this request: xpath, id, class name, accessibility id, css selector, -android uiautomator
[debug] [35m[BaseDriver][39m Waiting up to 60000 ms for condition
[debug] [35m[WD Proxy][39m Matched '/elements' to command name 'findElements'
[debug] [35m[WD Proxy][39m Proxying [POST /elements] to [POST http://127.0.0.1:61919/wd/hub/session/af97e952-cde4-4914-9440-43278cd56e58/elements] with body: {"strategy":"xpath","selector":"//*[@class = 'android.widget.Button' and (@text = 'OK' or . = 'OK') and @resource-id = 'android:id/button1']","context":"","multiple":true}
[debug] [35m[WD Proxy][39m Got response with status 200: {"sessionId":"af97e952-cde4-4914-9440-43278cd56e58","value":[{"ELEMENT":"00000000-0000-0080-ffff-ffff0000005a","element-6066-11e4-a52e-4f735466cecf":"00000000-0000-0080-ffff-ffff0000005a"}]}
[debug] [35m[W3C (d13b6afd)][39m Responding to client with driver.findElements() result: [{"element-6066-11e4-a52e-4f735466cecf":"00000000-0000-0080-ffff-ffff0000005a","ELEMENT":"00000000-0000-0080-ffff-ffff0000005a"}]
[35m[HTTP][39m [37m<-- POST /wd/hub/session/d13b6afd-ca29-4476-9f3e-49bb75b30e66/elements [39m[32m200[39m [90m1240 ms - 139[39m
[35m[HTTP][39m [90m[39m
[35m[HTTP][39m [37m-->[39m [37mDELETE[39m [37m/wd/hub/session/d13b6afd-ca29-4476-9f3e-49bb75b30e66[39m
[35m[HTTP][39m [90m{}[39m
[debug] [35m[W3C (d13b6afd)][39m Calling AppiumDriver.deleteSession() with args: ["d13b6afd-ca29-4476-9f3e-49bb75b30e66"]
[debug] [35m[BaseDriver][39m Event 'quitSessionRequested' logged at 1728723948058 (16:05:48 GMT+0700 (Western Indonesia Time))
[35m[Appium][39m Removing session d13b6afd-ca29-4476-9f3e-49bb75b30e66 from our master session list
[debug] [35m[UiAutomator2][39m Deleting UiAutomator2 session
[debug] [35m[UiAutomator2][39m Deleting UiAutomator2 server session
[debug] [35m[WD Proxy][39m Matched '/' to command name 'deleteSession'
[debug] [35m[WD Proxy][39m Proxying [DELETE /] to [DELETE http://127.0.0.1:61919/wd/hub/session/af97e952-cde4-4914-9440-43278cd56e58] with no body
[debug] [35m[WD Proxy][39m Got response with status 200: {"sessionId":"af97e952-cde4-4914-9440-43278cd56e58","value":null}
[debug] [35m[ADB][39m Running 'C:\Users\Nurul Handayani\AppData\Local\Android\Sdk\platform-tools\adb.exe -P 5037 -s emulator-5554 shell am force-stop com.wahidari.pendaki'
[debug] [35m[Logcat][39m Stopping logcat capture
[debug] [35m[ADB][39m Removing forwarded port socket connection: 61919 
[debug] [35m[ADB][39m Running 'C:\Users\Nurul Handayani\AppData\Local\Android\Sdk\platform-tools\adb.exe -P 5037 -s emulator-5554 forward --remove tcp:61919'
[35m[UiAutomator2][39m Restoring hidden api policy to the device default configuration
[debug] [35m[ADB][39m Running 'C:\Users\Nurul Handayani\AppData\Local\Android\Sdk\platform-tools\adb.exe -P 5037 -s emulator-5554 shell 'settings delete global hidden_api_policy_pre_p_apps;settings delete global hidden_api_policy_p_apps;settings delete global hidden_api_policy''
[debug] [35m[BaseDriver][39m Event 'quitSessionFinished' logged at 1728723948563 (16:05:48 GMT+0700 (Western Indonesia Time))
[debug] [35m[W3C (d13b6afd)][39m Received response: null
[debug] [35m[W3C (d13b6afd)][39m But deleting session, so not returning
[debug] [35m[W3C (d13b6afd)][39m Responding to client with driver.deleteSession() result: null
[35m[HTTP][39m [37m<-- DELETE /wd/hub/session/d13b6afd-ca29-4476-9f3e-49bb75b30e66 [39m[32m200[39m [90m507 ms - 14[39m
[35m[HTTP][39m [90m[39m
